{"session":"df90aed55019","build":"182.4505.22","bucket":"-1","time":1540629817372,"group":{"id":"lifecycle","version":"2"},"event":{"count":1,"data":{},"id":"ideaapp.started"}}
{"session":"df90aed55019","build":"182.4505.22","bucket":"-1","time":1540629824239,"group":{"id":"lifecycle","version":"2"},"event":{"count":1,"data":{},"id":"app.started"}}
{"session":"df90aed55019","build":"182.4505.22","bucket":"-1","time":1540629835705,"group":{"id":"lifecycle","version":"2"},"event":{"count":1,"data":{"durationSeconds":123},"id":"ide.freeze"}}
{"session":"df90aed55019","build":"182.4505.22","bucket":"-1","time":1540629855360,"group":{"id":"trigger","version":"2"},"event":{"count":1,"data":{},"id":"welcome.screen.WelcomeScreen.OpenProject"}}
{"session":"df90aed55019","build":"182.4505.22","bucket":"-1","time":1540629857933,"group":{"id":"ui.dialogs","version":"2"},"event":{"count":1,"data":{"type":"show"},"id":"com.intellij.openapi.fileChooser.ex.FileChooserDialogImpl"}}
{"session":"df90aed55019","build":"182.4505.22","bucket":"-1","time":1540629877781,"group":{"id":"lifecycle","version":"2"},"event":{"count":1,"data":{"durationSeconds":8},"id":"ide.freeze"}}
{"session":"df90aed55019","build":"182.4505.22","bucket":"-1","time":1540629897356,"group":{"id":"lifecycle","version":"2"},"event":{"count":1,"data":{"durationSeconds":8},"id":"ide.freeze"}}
{"session":"df90aed55019","build":"182.4505.22","bucket":"-1","time":1540629903860,"group":{"id":"ui.dialogs","version":"2"},"event":{"count":1,"data":{"code":1,"type":"close"},"id":"com.intellij.openapi.fileChooser.ex.FileChooserDialogImpl"}}
{"session":"df90aed55019","build":"182.4505.22","bucket":"-1","time":1540629944481,"group":{"id":"trigger","version":"2"},"event":{"count":9,"data":{},"id":"welcome.screen.WelcomeScreen.CreateNewProject"}}
{"session":"df90aed55019","build":"182.4505.22","bucket":"-1","time":1540629945299,"group":{"id":"ui.dialogs","version":"2"},"event":{"count":1,"data":{"type":"show"},"id":"com.intellij.ide.projectWizard.NewProjectWizard"}}
{"session":"df90aed55019","build":"182.4505.22","bucket":"-1","time":1540629945389,"group":{"id":"lifecycle","version":"2"},"event":{"count":1,"data":{"durationSeconds":40},"id":"ide.freeze"}}
{"session":"df90aed55019","build":"182.4505.22","bucket":"-1","time":1540629953395,"group":{"id":"lifecycle","version":"2"},"event":{"count":1,"data":{"durationSeconds":8},"id":"ide.freeze"}}
{"session":"df90aed55019","build":"182.4505.22","bucket":"-1","time":1540629954188,"group":{"id":"ui.dialogs","version":"2"},"event":{"count":1,"data":{"type":"show"},"id":"com.intellij.openapi.progress.util.ProgressDialog$MyDialogWrapper"}}
{"session":"df90aed55019","build":"182.4505.22","bucket":"-1","time":1540629955881,"group":{"id":"ui.dialogs","version":"2"},"event":{"count":1,"data":{"code":1,"type":"close"},"id":"com.intellij.openapi.progress.util.ProgressDialog$MyDialogWrapper"}}
{"session":"df90aed55019","build":"182.4505.22","bucket":"-1","time":1540629971414,"group":{"id":"actions","version":"2"},"event":{"count":2,"data":{},"id":"EditorBackSpace"}}
{"session":"df90aed55019","build":"182.4505.22","bucket":"-1","time":1540629974914,"group":{"id":"ui.dialogs","version":"2"},"event":{"count":1,"data":{"code":0,"type":"close"},"id":"com.intellij.ide.projectWizard.NewProjectWizard"}}
{"session":"df90aed55019","build":"182.4505.22","bucket":"-1","time":1540629990881,"group":{"id":"lifecycle","version":"2"},"event":{"count":1,"data":{},"id":"project.opened"}}
{"session":"df90aed55019","build":"182.4505.22","bucket":"-1","time":1540629991518,"group":{"id":"lifecycle","version":"2"},"event":{"count":1,"data":{"durationSeconds":17},"id":"ide.freeze"}}
{"session":"df90aed55019","build":"182.4505.22","bucket":"-1","time":1540629997525,"group":{"id":"lifecycle","version":"2"},"event":{"count":1,"data":{"durationSeconds":6},"id":"ide.freeze"}}
{"session":"df90aed55019","build":"182.4505.22","bucket":"-1","time":1540629997536,"group":{"id":"ui.dialogs","version":"2"},"event":{"count":1,"data":{"type":"show"},"id":"com.intellij.openapi.progress.util.ProgressDialog$MyDialogWrapper"}}
{"session":"df90aed55019","build":"182.4505.22","bucket":"-1","time":1540629999257,"group":{"id":"ui.dialogs","version":"2"},"event":{"count":1,"data":{"type":"show"},"id":"com.intellij.ide.util.TipDialog"}}
{"session":"df90aed55019","build":"182.4505.22","bucket":"-1","time":1540630010455,"group":{"id":"ui.dialogs","version":"2"},"event":{"count":1,"data":{"code":1,"type":"close"},"id":"com.intellij.openapi.progress.util.ProgressDialog$MyDialogWrapper"}}
{"session":"df90aed55019","build":"182.4505.22","bucket":"-1","time":1540630011479,"group":{"id":"ui.dialogs","version":"2"},"event":{"count":1,"data":{"type":"show"},"id":"com.intellij.ide.projectWizard.NewProjectWizard"}}
{"session":"df90aed55019","build":"182.4505.22","bucket":"-1","time":1540630011538,"group":{"id":"lifecycle","version":"2"},"event":{"count":1,"data":{"durationSeconds":12},"id":"ide.freeze"}}
{"session":"df90aed55019","build":"182.4505.22","bucket":"-1","time":1540630011676,"group":{"id":"lifecycle","version":"2"},"event":{"count":1,"data":{"mappingFailed":false,"oom":false},"id":"ide.error"}}
