{"session":"e2d7deead6e2","build":"182.4505.22","bucket":"-1","time":1540652320745,"group":{"id":"lifecycle","version":"2"},"event":{"count":1,"data":{},"id":"ideaapp.started"}}
{"session":"e2d7deead6e2","build":"182.4505.22","bucket":"-1","time":1540652321315,"group":{"id":"lifecycle","version":"2"},"event":{"count":1,"data":{},"id":"app.started"}}
{"session":"e2d7deead6e2","build":"182.4505.22","bucket":"-1","time":1540652324032,"group":{"id":"lifecycle","version":"2"},"event":{"count":1,"data":{"durationSeconds":21},"id":"ide.freeze"}}
{"session":"e2d7deead6e2","build":"182.4505.22","bucket":"-1","time":1540652352025,"group":{"id":"trigger","version":"2"},"event":{"count":3,"data":{},"id":"welcome.screen.WelcomeScreen.CreateNewProject"}}
{"session":"e2d7deead6e2","build":"182.4505.22","bucket":"-1","time":1540652352501,"group":{"id":"ui.dialogs","version":"2"},"event":{"count":1,"data":{"type":"show"},"id":"com.intellij.ide.projectWizard.NewProjectWizard"}}
{"session":"e2d7deead6e2","build":"182.4505.22","bucket":"-1","time":1540652353069,"group":{"id":"lifecycle","version":"2"},"event":{"count":1,"data":{"durationSeconds":13},"id":"ide.freeze"}}
{"session":"e2d7deead6e2","build":"182.4505.22","bucket":"-1","time":1540652358461,"group":{"id":"ui.dialogs","version":"2"},"event":{"count":1,"data":{"type":"show"},"id":"com.intellij.openapi.progress.util.ProgressDialog$MyDialogWrapper"}}
{"session":"e2d7deead6e2","build":"182.4505.22","bucket":"-1","time":1540652361468,"group":{"id":"ui.dialogs","version":"2"},"event":{"count":1,"data":{"code":1,"type":"close"},"id":"com.intellij.openapi.progress.util.ProgressDialog$MyDialogWrapper"}}
{"session":"e2d7deead6e2","build":"182.4505.22","bucket":"-1","time":1540652375239,"group":{"id":"actions","version":"2"},"event":{"count":2,"data":{},"id":"EditorBackSpace"}}
{"session":"e2d7deead6e2","build":"182.4505.22","bucket":"-1","time":1540652381109,"group":{"id":"ui.dialogs","version":"2"},"event":{"count":2,"data":{"type":"show"},"id":"com.intellij.openapi.ui.messages.MessageDialog"}}
{"session":"e2d7deead6e2","build":"182.4505.22","bucket":"-1","time":1540652384873,"group":{"id":"ui.dialogs","version":"2"},"event":{"count":1,"data":{"code":0,"type":"close"},"id":"com.intellij.ide.projectWizard.NewProjectWizard"}}
{"session":"e2d7deead6e2","build":"182.4505.22","bucket":"-1","time":1540652396510,"group":{"id":"lifecycle","version":"2"},"event":{"count":1,"data":{"durationSeconds":12},"id":"ide.freeze"}}
{"session":"e2d7deead6e2","build":"182.4505.22","bucket":"-1","time":1540652396580,"group":{"id":"lifecycle","version":"2"},"event":{"count":1,"data":{},"id":"project.opened"}}
{"session":"e2d7deead6e2","build":"182.4505.22","bucket":"-1","time":1540652403008,"group":{"id":"ui.dialogs","version":"2"},"event":{"count":1,"data":{"type":"show"},"id":"com.intellij.openapi.progress.util.ProgressDialog$MyDialogWrapper"}}
{"session":"e2d7deead6e2","build":"182.4505.22","bucket":"-1","time":1540652403516,"group":{"id":"lifecycle","version":"2"},"event":{"count":1,"data":{"durationSeconds":7},"id":"ide.freeze"}}
{"session":"e2d7deead6e2","build":"182.4505.22","bucket":"-1","time":1540652405916,"group":{"id":"ui.dialogs","version":"2"},"event":{"count":1,"data":{"type":"show"},"id":"com.intellij.ide.util.TipDialog"}}
{"session":"e2d7deead6e2","build":"182.4505.22","bucket":"-1","time":1540652413449,"group":{"id":"ui.dialogs","version":"2"},"event":{"count":1,"data":{"code":1,"type":"close"},"id":"com.intellij.openapi.progress.util.ProgressDialog$MyDialogWrapper"}}
{"session":"e2d7deead6e2","build":"182.4505.22","bucket":"-1","time":1540652415570,"group":{"id":"ui.dialogs","version":"2"},"event":{"count":1,"data":{"type":"show"},"id":"com.intellij.ide.projectWizard.NewProjectWizard"}}
{"session":"e2d7deead6e2","build":"182.4505.22","bucket":"-1","time":1540652415791,"group":{"id":"lifecycle","version":"2"},"event":{"count":1,"data":{"mappingFailed":false,"oom":false},"id":"ide.error"}}
{"session":"e2d7deead6e2","build":"182.4505.22","bucket":"-1","time":1540652416102,"group":{"id":"ui.dialogs","version":"2"},"event":{"count":1,"data":{"code":1,"type":"close"},"id":"com.intellij.ide.util.TipDialog"}}
{"session":"e2d7deead6e2","build":"182.4505.22","bucket":"-1","time":1540652416524,"group":{"id":"lifecycle","version":"2"},"event":{"count":1,"data":{"durationSeconds":10},"id":"ide.freeze"}}
{"session":"e2d7deead6e2","build":"182.4505.22","bucket":"-1","time":1540652445107,"group":{"id":"toolwindow","version":"2"},"event":{"count":1,"data":{},"id":"Ant_Build_by_Activation"}}
