{"session":"499a86e6604a","build":"182.4505.22","bucket":"-1","time":1540798251071,"group":{"id":"ui.dialogs","version":"2"},"event":{"count":1,"data":{"type":"show"},"id":"com.intellij.openapi.progress.util.ProgressDialog$MyDialogWrapper"}}
{"session":"499a86e6604a","build":"182.4505.22","bucket":"-1","time":1540798251822,"group":{"id":"lifecycle","version":"2"},"event":{"count":1,"data":{"durationSeconds":35},"id":"ide.freeze"}}
{"session":"499a86e6604a","build":"182.4505.22","bucket":"-1","time":1540798258612,"group":{"id":"lifecycle","version":"2"},"event":{"count":1,"data":{"durationSeconds":11},"id":"ide.freeze"}}
{"session":"499a86e6604a","build":"182.4505.22","bucket":"-1","time":1540798288358,"group":{"id":"ui.dialogs","version":"2"},"event":{"count":1,"data":{"code":1,"type":"close"},"id":"com.intellij.openapi.progress.util.ProgressDialog$MyDialogWrapper"}}
{"session":"499a86e6604a","build":"182.4505.22","bucket":"-1","time":1540798288765,"group":{"id":"lifecycle","version":"2"},"event":{"count":1,"data":{},"id":"project.opened"}}
{"session":"499a86e6604a","build":"182.4505.22","bucket":"-1","time":1540798296245,"group":{"id":"ui.dialogs","version":"2"},"event":{"count":1,"data":{"type":"show"},"id":"com.intellij.openapi.progress.util.ProgressDialog$MyDialogWrapper"}}
{"session":"499a86e6604a","build":"182.4505.22","bucket":"-1","time":1540798296880,"group":{"id":"lifecycle","version":"2"},"event":{"count":1,"data":{"durationSeconds":9},"id":"ide.freeze"}}
{"session":"499a86e6604a","build":"182.4505.22","bucket":"-1","time":1540798298297,"group":{"id":"toolwindow","version":"2"},"event":{"count":1,"data":{},"id":"Project_by_Activation"}}
{"session":"499a86e6604a","build":"182.4505.22","bucket":"-1","time":1540798303747,"group":{"id":"lifecycle","version":"2"},"event":{"count":1,"data":{},"id":"ideaapp.started"}}
{"session":"499a86e6604a","build":"182.4505.22","bucket":"-1","time":1540798303765,"group":{"id":"lifecycle","version":"2"},"event":{"count":1,"data":{},"id":"app.started"}}
{"session":"499a86e6604a","build":"182.4505.22","bucket":"-1","time":1540798308902,"group":{"id":"ui.dialogs","version":"2"},"event":{"count":1,"data":{"type":"show"},"id":"com.intellij.ide.util.TipDialog"}}
{"session":"499a86e6604a","build":"182.4505.22","bucket":"-1","time":1540798322998,"group":{"id":"lifecycle","version":"2"},"event":{"count":1,"data":{"durationSeconds":24},"id":"ide.freeze"}}
{"session":"499a86e6604a","build":"182.4505.22","bucket":"-1","time":1540798325626,"group":{"id":"ui.dialogs","version":"2"},"event":{"count":1,"data":{"code":1,"type":"close"},"id":"com.intellij.openapi.progress.util.ProgressDialog$MyDialogWrapper"}}
{"session":"499a86e6604a","build":"182.4505.22","bucket":"-1","time":1540798325858,"group":{"id":"lifecycle","version":"2"},"event":{"count":1,"data":{"time.ms":79376},"id":"project.opening.finished"}}
{"session":"499a86e6604a","build":"182.4505.22","bucket":"-1","time":1540798326203,"group":{"id":"system.os.name","version":"2"},"event":{"data":{},"id":"Linux"}}
{"session":"499a86e6604a","build":"182.4505.22","bucket":"-1","time":1540798326346,"group":{"id":"system.os.version","version":"2"},"event":{"data":{},"id":"elementary_0.4.1"}}
{"session":"499a86e6604a","build":"182.4505.22","bucket":"-1","time":1540798326347,"group":{"id":"system.jvm.vendor","version":"2"},"event":{"data":{},"id":"JetBrains_s.r.o"}}
{"session":"499a86e6604a","build":"182.4505.22","bucket":"-1","time":1540798326347,"group":{"id":"system.jvm.version","version":"2"},"event":{"data":{},"id":"1.8"}}
{"session":"499a86e6604a","build":"182.4505.22","bucket":"-1","time":1540798337619,"group":{"id":"ui.dialogs","version":"2"},"event":{"count":1,"data":{"code":1,"type":"close"},"id":"com.intellij.ide.util.TipDialog"}}
{"session":"499a86e6604a","build":"182.4505.22","bucket":"-1","time":1540798363660,"group":{"id":"actions","version":"2"},"event":{"count":1,"data":{},"id":"third.party.plugin.action"}}
{"session":"499a86e6604a","build":"182.4505.22","bucket":"-1","time":1540798363736,"group":{"id":"ui.dialogs","version":"2"},"event":{"count":1,"data":{"type":"show"},"id":"com.intellij.openapi.ui.Messages$InputDialog"}}
{"session":"499a86e6604a","build":"182.4505.22","bucket":"-1","time":1540798368251,"group":{"id":"ui.dialogs","version":"2"},"event":{"count":1,"data":{"code":0,"type":"close"},"id":"com.intellij.openapi.ui.Messages$InputDialog"}}
{"session":"499a86e6604a","build":"182.4505.22","bucket":"-1","time":1540798368317,"group":{"id":"ui.dialogs","version":"2"},"event":{"count":1,"data":{"type":"show"},"id":"com.intellij.openapi.ui.messages.MessageDialog"}}
{"session":"499a86e6604a","build":"182.4505.22","bucket":"-1","time":1540798381450,"group":{"id":"actions","version":"2"},"event":{"count":1,"data":{},"id":"third.party.plugin.action"}}
{"session":"499a86e6604a","build":"182.4505.22","bucket":"-1","time":1540798381455,"group":{"id":"ui.dialogs","version":"2"},"event":{"count":1,"data":{"type":"show"},"id":"com.intellij.openapi.ui.Messages$InputDialog"}}
{"session":"499a86e6604a","build":"182.4505.22","bucket":"-1","time":1540798388162,"group":{"id":"actions","version":"2"},"event":{"count":1,"data":{},"id":"EditorLineStart"}}
{"session":"499a86e6604a","build":"182.4505.22","bucket":"-1","time":1540798389361,"group":{"id":"actions","version":"2"},"event":{"count":3,"data":{},"id":"EditorBackSpace"}}
{"session":"499a86e6604a","build":"182.4505.22","bucket":"-1","time":1540798399692,"group":{"id":"ui.dialogs","version":"2"},"event":{"count":1,"data":{"code":0,"type":"close"},"id":"com.intellij.openapi.ui.Messages$InputDialog"}}
{"session":"499a86e6604a","build":"182.4505.22","bucket":"-1","time":1540798399726,"group":{"id":"ui.dialogs","version":"2"},"event":{"count":1,"data":{"type":"show"},"id":"com.intellij.openapi.ui.messages.MessageDialog"}}
{"session":"499a86e6604a","build":"182.4505.22","bucket":"-1","time":1540798416862,"group":{"id":"actions","version":"2"},"event":{"count":1,"data":{},"id":"third.party.plugin.action"}}
{"session":"499a86e6604a","build":"182.4505.22","bucket":"-1","time":1540798416969,"group":{"id":"ui.dialogs","version":"2"},"event":{"count":1,"data":{"type":"show"},"id":"com.intellij.openapi.fileChooser.ex.FileChooserDialogImpl"}}
{"session":"499a86e6604a","build":"182.4505.22","bucket":"-1","time":1540798440100,"group":{"id":"ui.dialogs","version":"2"},"event":{"count":1,"data":{"code":0,"type":"close"},"id":"com.intellij.openapi.fileChooser.ex.FileChooserDialogImpl"}}
{"session":"499a86e6604a","build":"182.4505.22","bucket":"-1","time":1540798440536,"group":{"id":"lifecycle","version":"2"},"event":{"count":1,"data":{"mappingFailed":false,"oom":false},"id":"ide.error"}}
{"session":"499a86e6604a","build":"182.4505.22","bucket":"-1","time":1540798446548,"group":{"id":"actions","version":"2"},"event":{"count":1,"data":{},"id":"third.party.plugin.action"}}
{"session":"499a86e6604a","build":"182.4505.22","bucket":"-1","time":1540798446560,"group":{"id":"ui.dialogs","version":"2"},"event":{"count":1,"data":{"type":"show"},"id":"com.intellij.openapi.fileChooser.ex.FileChooserDialogImpl"}}
{"session":"499a86e6604a","build":"182.4505.22","bucket":"-1","time":1540798450774,"group":{"id":"ui.dialogs","version":"2"},"event":{"count":1,"data":{"code":0,"type":"close"},"id":"com.intellij.openapi.fileChooser.ex.FileChooserDialogImpl"}}
{"session":"499a86e6604a","build":"182.4505.22","bucket":"-1","time":1540798450792,"group":{"id":"lifecycle","version":"2"},"event":{"count":1,"data":{"mappingFailed":false,"oom":false},"id":"ide.error"}}
{"session":"499a86e6604a","build":"182.4505.22","bucket":"-1","time":1540798479716,"group":{"id":"actions","version":"2"},"event":{"count":1,"data":{},"id":"third.party.plugin.action"}}
{"session":"499a86e6604a","build":"182.4505.22","bucket":"-1","time":1540798479720,"group":{"id":"ui.dialogs","version":"2"},"event":{"count":1,"data":{"type":"show"},"id":"com.intellij.openapi.ui.Messages$InputDialog"}}
{"session":"499a86e6604a","build":"182.4505.22","bucket":"-1","time":1540798495546,"group":{"id":"ui.dialogs","version":"2"},"event":{"count":1,"data":{"code":1,"type":"close"},"id":"com.intellij.openapi.ui.Messages$InputDialog"}}
{"session":"499a86e6604a","build":"182.4505.22","bucket":"-1","time":1540798495559,"group":{"id":"ui.dialogs","version":"2"},"event":{"count":1,"data":{"type":"show"},"id":"com.intellij.openapi.ui.messages.MessageDialog"}}
{"session":"499a86e6604a","build":"182.4505.22","bucket":"-1","time":1540798547794,"group":{"id":"actions","version":"2"},"event":{"count":1,"data":{},"id":"third.party.plugin.action"}}
{"session":"499a86e6604a","build":"182.4505.22","bucket":"-1","time":1540798547803,"group":{"id":"ui.dialogs","version":"2"},"event":{"count":1,"data":{"type":"show"},"id":"com.intellij.openapi.ui.Messages$InputDialog"}}
{"session":"499a86e6604a","build":"182.4505.22","bucket":"-1","time":1540798589522,"group":{"id":"ui.dialogs","version":"2"},"event":{"count":1,"data":{"code":0,"type":"close"},"id":"com.intellij.openapi.ui.Messages$InputDialog"}}
{"session":"499a86e6604a","build":"182.4505.22","bucket":"-1","time":1540798589534,"group":{"id":"ui.dialogs","version":"2"},"event":{"count":1,"data":{"type":"show"},"id":"com.intellij.openapi.ui.messages.MessageDialog"}}
{"session":"499a86e6604a","build":"182.4505.22","bucket":"-1","time":1540798595465,"group":{"id":"actions","version":"2"},"event":{"count":1,"data":{},"id":"third.party.plugin.action"}}
{"session":"499a86e6604a","build":"182.4505.22","bucket":"-1","time":1540798595472,"group":{"id":"ui.dialogs","version":"2"},"event":{"count":1,"data":{"type":"show"},"id":"com.intellij.openapi.ui.Messages$InputDialog"}}
{"session":"499a86e6604a","build":"182.4505.22","bucket":"-1","time":1540798599576,"group":{"id":"ui.dialogs","version":"2"},"event":{"count":1,"data":{"code":0,"type":"close"},"id":"com.intellij.openapi.ui.Messages$InputDialog"}}
{"session":"499a86e6604a","build":"182.4505.22","bucket":"-1","time":1540798599594,"group":{"id":"ui.dialogs","version":"2"},"event":{"count":1,"data":{"type":"show"},"id":"com.intellij.openapi.ui.messages.MessageDialog"}}
{"session":"499a86e6604a","build":"182.4505.22","bucket":"-1","time":1540798611746,"group":{"id":"actions","version":"2"},"event":{"count":1,"data":{},"id":"third.party.plugin.action"}}
{"session":"499a86e6604a","build":"182.4505.22","bucket":"-1","time":1540798611758,"group":{"id":"ui.dialogs","version":"2"},"event":{"count":1,"data":{"type":"show"},"id":"com.intellij.openapi.fileChooser.ex.FileChooserDialogImpl"}}
{"session":"499a86e6604a","build":"182.4505.22","bucket":"-1","time":1540798626684,"group":{"id":"ui.dialogs","version":"2"},"event":{"count":1,"data":{"code":0,"type":"close"},"id":"com.intellij.openapi.fileChooser.ex.FileChooserDialogImpl"}}
{"session":"499a86e6604a","build":"182.4505.22","bucket":"-1","time":1540798626734,"group":{"id":"lifecycle","version":"2"},"event":{"count":1,"data":{"mappingFailed":false,"oom":false},"id":"ide.error"}}
{"session":"499a86e6604a","build":"182.4505.22","bucket":"-1","time":1540799038359,"group":{"id":"actions","version":"2"},"event":{"count":1,"data":{},"id":"third.party.plugin.action"}}
{"session":"499a86e6604a","build":"182.4505.22","bucket":"-1","time":1540799038411,"group":{"id":"ui.dialogs","version":"2"},"event":{"count":1,"data":{"type":"show"},"id":"com.intellij.openapi.ui.Messages$InputDialog"}}
{"session":"499a86e6604a","build":"182.4505.22","bucket":"-1","time":1540799039799,"group":{"id":"ui.dialogs","version":"2"},"event":{"count":1,"data":{"code":1,"type":"close"},"id":"com.intellij.openapi.ui.Messages$InputDialog"}}
{"session":"499a86e6604a","build":"182.4505.22","bucket":"-1","time":1540799039813,"group":{"id":"ui.dialogs","version":"2"},"event":{"count":1,"data":{"type":"show"},"id":"com.intellij.openapi.ui.messages.MessageDialog"}}
{"session":"499a86e6604a","build":"182.4505.22","bucket":"-1","time":1540799043667,"group":{"id":"actions","version":"2"},"event":{"count":1,"data":{},"id":"third.party.plugin.action"}}
{"session":"499a86e6604a","build":"182.4505.22","bucket":"-1","time":1540799043676,"group":{"id":"ui.dialogs","version":"2"},"event":{"count":1,"data":{"type":"show"},"id":"com.intellij.openapi.fileChooser.ex.FileChooserDialogImpl"}}
{"session":"499a86e6604a","build":"182.4505.22","bucket":"-1","time":1540799046008,"group":{"id":"ui.dialogs","version":"2"},"event":{"count":1,"data":{"code":1,"type":"close"},"id":"com.intellij.openapi.fileChooser.ex.FileChooserDialogImpl"}}
