{"session":"bf8aa7e72761","build":"182.4505.22","bucket":"-1","time":1540659274233,"group":{"id":"ui.dialogs","version":"2"},"event":{"count":1,"data":{"type":"show"},"id":"com.intellij.openapi.progress.util.ProgressDialog$MyDialogWrapper"}}
{"session":"bf8aa7e72761","build":"182.4505.22","bucket":"-1","time":1540659274658,"group":{"id":"lifecycle","version":"2"},"event":{"count":1,"data":{"durationSeconds":39},"id":"ide.freeze"}}
{"session":"bf8aa7e72761","build":"182.4505.22","bucket":"-1","time":1540659312426,"group":{"id":"ui.dialogs","version":"2"},"event":{"count":1,"data":{"code":1,"type":"close"},"id":"com.intellij.openapi.progress.util.ProgressDialog$MyDialogWrapper"}}
{"session":"bf8aa7e72761","build":"182.4505.22","bucket":"-1","time":1540659313322,"group":{"id":"lifecycle","version":"2"},"event":{"count":1,"data":{},"id":"project.opened"}}
{"session":"bf8aa7e72761","build":"182.4505.22","bucket":"-1","time":1540659343623,"group":{"id":"ui.dialogs","version":"2"},"event":{"count":1,"data":{"type":"show"},"id":"com.intellij.openapi.progress.util.ProgressDialog$MyDialogWrapper"}}
{"session":"bf8aa7e72761","build":"182.4505.22","bucket":"-1","time":1540659344480,"group":{"id":"lifecycle","version":"2"},"event":{"count":1,"data":{"durationSeconds":32},"id":"ide.freeze"}}
{"session":"bf8aa7e72761","build":"182.4505.22","bucket":"-1","time":1540659349215,"group":{"id":"lifecycle","version":"2"},"event":{"count":1,"data":{},"id":"ideaapp.started"}}
{"session":"bf8aa7e72761","build":"182.4505.22","bucket":"-1","time":1540659349246,"group":{"id":"lifecycle","version":"2"},"event":{"count":1,"data":{},"id":"app.started"}}
{"session":"bf8aa7e72761","build":"182.4505.22","bucket":"-1","time":1540659352648,"group":{"id":"toolwindow","version":"2"},"event":{"count":1,"data":{},"id":"Project_by_Activation"}}
{"session":"bf8aa7e72761","build":"182.4505.22","bucket":"-1","time":1540659369224,"group":{"id":"ui.dialogs","version":"2"},"event":{"count":1,"data":{"type":"show"},"id":"com.intellij.ide.util.TipDialog"}}
{"session":"bf8aa7e72761","build":"182.4505.22","bucket":"-1","time":1540659385859,"group":{"id":"lifecycle","version":"2"},"event":{"count":1,"data":{"durationSeconds":33},"id":"ide.freeze"}}
{"session":"bf8aa7e72761","build":"182.4505.22","bucket":"-1","time":1540659389359,"group":{"id":"ui.dialogs","version":"2"},"event":{"count":1,"data":{"code":1,"type":"close"},"id":"com.intellij.openapi.progress.util.ProgressDialog$MyDialogWrapper"}}
{"session":"bf8aa7e72761","build":"182.4505.22","bucket":"-1","time":1540659390115,"group":{"id":"system.os.name","version":"2"},"event":{"data":{},"id":"Linux"}}
{"session":"bf8aa7e72761","build":"182.4505.22","bucket":"-1","time":1540659390838,"group":{"id":"system.os.version","version":"2"},"event":{"data":{},"id":"elementary_0.4.1"}}
{"session":"bf8aa7e72761","build":"182.4505.22","bucket":"-1","time":1540659390838,"group":{"id":"system.jvm.vendor","version":"2"},"event":{"data":{},"id":"JetBrains_s.r.o"}}
{"session":"bf8aa7e72761","build":"182.4505.22","bucket":"-1","time":1540659390839,"group":{"id":"system.jvm.version","version":"2"},"event":{"data":{},"id":"1.8"}}
{"session":"bf8aa7e72761","build":"182.4505.22","bucket":"-1","time":1540659393061,"group":{"id":"ui.dialogs","version":"2"},"event":{"count":1,"data":{"code":1,"type":"close"},"id":"com.intellij.ide.util.TipDialog"}}
{"session":"bf8aa7e72761","build":"182.4505.22","bucket":"-1","time":1540659393410,"group":{"id":"lifecycle","version":"2"},"event":{"count":1,"data":{"time.ms":126467},"id":"project.opening.finished"}}
{"session":"bf8aa7e72761","build":"182.4505.22","bucket":"-1","time":1540659398977,"group":{"id":"actions","version":"2"},"event":{"count":1,"data":{},"id":"third.party.plugin.action"}}
{"session":"bf8aa7e72761","build":"182.4505.22","bucket":"-1","time":1540659399042,"group":{"id":"ui.dialogs","version":"2"},"event":{"count":1,"data":{"type":"show"},"id":"com.intellij.openapi.fileChooser.ex.FileChooserDialogImpl"}}
{"session":"bf8aa7e72761","build":"182.4505.22","bucket":"-1","time":1540659405966,"group":{"id":"ui.dialogs","version":"2"},"event":{"count":1,"data":{"code":0,"type":"close"},"id":"com.intellij.openapi.fileChooser.ex.FileChooserDialogImpl"}}
{"session":"bf8aa7e72761","build":"182.4505.22","bucket":"-1","time":1540659406303,"group":{"id":"ui.dialogs","version":"2"},"event":{"count":1,"data":{"type":"show"},"id":"com.intellij.openapi.ui.messages.MessageDialog"}}
{"session":"bf8aa7e72761","build":"182.4505.22","bucket":"-1","time":1540660005260,"group":{"id":"actions","version":"2"},"event":{"count":1,"data":{},"id":"third.party.plugin.action"}}
{"session":"bf8aa7e72761","build":"182.4505.22","bucket":"-1","time":1540660005345,"group":{"id":"ui.dialogs","version":"2"},"event":{"count":1,"data":{"type":"show"},"id":"com.intellij.openapi.ui.Messages$InputDialog"}}
{"session":"bf8aa7e72761","build":"182.4505.22","bucket":"-1","time":1540660018067,"group":{"id":"actions","version":"2"},"event":{"count":3,"data":{},"id":"EditorBackSpace"}}
{"session":"bf8aa7e72761","build":"182.4505.22","bucket":"-1","time":1540660019570,"group":{"id":"actions","version":"2"},"event":{"count":1,"data":{},"id":"DialogOkAction_Enter"}}
{"session":"bf8aa7e72761","build":"182.4505.22","bucket":"-1","time":1540660019571,"group":{"id":"ui.dialogs","version":"2"},"event":{"count":1,"data":{"code":0,"type":"close"},"id":"com.intellij.openapi.ui.Messages$InputDialog"}}
