{"session":"5b68adb9b722","build":"182.4505.22","bucket":"-1","time":1540653204686,"group":{"id":"lifecycle","version":"2"},"event":{"count":1,"data":{},"id":"ideaapp.started"}}
{"session":"5b68adb9b722","build":"182.4505.22","bucket":"-1","time":1540653206142,"group":{"id":"lifecycle","version":"2"},"event":{"count":1,"data":{},"id":"app.started"}}
{"session":"5b68adb9b722","build":"182.4505.22","bucket":"-1","time":1540653210915,"group":{"id":"lifecycle","version":"2"},"event":{"count":1,"data":{"durationSeconds":25},"id":"ide.freeze"}}
{"session":"5b68adb9b722","build":"182.4505.22","bucket":"-1","time":1540653268119,"group":{"id":"trigger","version":"2"},"event":{"count":1,"data":{},"id":"welcome.screen.WelcomeScreen.CreateNewProject"}}
{"session":"5b68adb9b722","build":"182.4505.22","bucket":"-1","time":1540653268163,"group":{"id":"ui.dialogs","version":"2"},"event":{"count":1,"data":{"type":"show"},"id":"com.intellij.ide.projectWizard.NewProjectWizard"}}
{"session":"5b68adb9b722","build":"182.4505.22","bucket":"-1","time":1540653268993,"group":{"id":"lifecycle","version":"2"},"event":{"count":1,"data":{"durationSeconds":7},"id":"ide.freeze"}}
{"session":"5b68adb9b722","build":"182.4505.22","bucket":"-1","time":1540653271243,"group":{"id":"ui.dialogs","version":"2"},"event":{"count":1,"data":{"type":"show"},"id":"com.intellij.openapi.progress.util.ProgressDialog$MyDialogWrapper"}}
{"session":"5b68adb9b722","build":"182.4505.22","bucket":"-1","time":1540653275179,"group":{"id":"ui.dialogs","version":"2"},"event":{"count":1,"data":{"code":1,"type":"close"},"id":"com.intellij.openapi.progress.util.ProgressDialog$MyDialogWrapper"}}
{"session":"5b68adb9b722","build":"182.4505.22","bucket":"-1","time":1540653302262,"group":{"id":"ui.dialogs","version":"2"},"event":{"count":2,"data":{"type":"show"},"id":"com.intellij.openapi.ui.messages.MessageDialog"}}
{"session":"5b68adb9b722","build":"182.4505.22","bucket":"-1","time":1540653306276,"group":{"id":"ui.dialogs","version":"2"},"event":{"count":1,"data":{"code":0,"type":"close"},"id":"com.intellij.ide.projectWizard.NewProjectWizard"}}
{"session":"5b68adb9b722","build":"182.4505.22","bucket":"-1","time":1540653314758,"group":{"id":"lifecycle","version":"2"},"event":{"count":1,"data":{},"id":"project.opened"}}
{"session":"5b68adb9b722","build":"182.4505.22","bucket":"-1","time":1540653315012,"group":{"id":"lifecycle","version":"2"},"event":{"count":1,"data":{"durationSeconds":9},"id":"ide.freeze"}}
{"session":"5b68adb9b722","build":"182.4505.22","bucket":"-1","time":1540653319569,"group":{"id":"ui.dialogs","version":"2"},"event":{"count":1,"data":{"type":"show"},"id":"com.intellij.openapi.progress.util.ProgressDialog$MyDialogWrapper"}}
{"session":"5b68adb9b722","build":"182.4505.22","bucket":"-1","time":1540653320895,"group":{"id":"ui.dialogs","version":"2"},"event":{"count":1,"data":{"type":"show"},"id":"com.intellij.ide.util.TipDialog"}}
{"session":"5b68adb9b722","build":"182.4505.22","bucket":"-1","time":1540653327823,"group":{"id":"ui.dialogs","version":"2"},"event":{"count":1,"data":{"code":1,"type":"close"},"id":"com.intellij.openapi.progress.util.ProgressDialog$MyDialogWrapper"}}
{"session":"5b68adb9b722","build":"182.4505.22","bucket":"-1","time":1540653329020,"group":{"id":"lifecycle","version":"2"},"event":{"count":1,"data":{"durationSeconds":8},"id":"ide.freeze"}}
{"session":"5b68adb9b722","build":"182.4505.22","bucket":"-1","time":1540653330665,"group":{"id":"lifecycle","version":"2"},"event":{"count":1,"data":{"time.ms":24229},"id":"project.opening.finished"}}
{"session":"5b68adb9b722","build":"182.4505.22","bucket":"-1","time":1540653333478,"group":{"id":"ui.dialogs","version":"2"},"event":{"count":1,"data":{"code":1,"type":"close"},"id":"com.intellij.ide.util.TipDialog"}}
{"session":"5b68adb9b722","build":"182.4505.22","bucket":"-1","time":1540653416805,"group":{"id":"system.os.name","version":"2"},"event":{"data":{},"id":"Linux"}}
{"session":"5b68adb9b722","build":"182.4505.22","bucket":"-1","time":1540653417458,"group":{"id":"system.os.version","version":"2"},"event":{"data":{},"id":"elementary_0.4.1"}}
{"session":"5b68adb9b722","build":"182.4505.22","bucket":"-1","time":1540653417459,"group":{"id":"system.jvm.vendor","version":"2"},"event":{"data":{},"id":"JetBrains_s.r.o"}}
{"session":"5b68adb9b722","build":"182.4505.22","bucket":"-1","time":1540653417460,"group":{"id":"system.jvm.version","version":"2"},"event":{"data":{},"id":"1.8"}}
{"session":"5b68adb9b722","build":"182.4505.22","bucket":"-1","time":1540653438896,"group":{"id":"lifecycle","version":"2"},"event":{"count":1,"data":{"durationSeconds":16},"id":"ide.freeze"}}
{"session":"5b68adb9b722","build":"182.4505.22","bucket":"-1","time":1540653441451,"group":{"id":"toolwindow","version":"2"},"event":{"count":1,"data":{},"id":"Project_by_Activation"}}
{"session":"5b68adb9b722","build":"182.4505.22","bucket":"-1","time":1540653458380,"group":{"id":"actions","version":"2"},"event":{"count":1,"data":{},"id":"third.party.plugin.action"}}
{"session":"5b68adb9b722","build":"182.4505.22","bucket":"-1","time":1540653459015,"group":{"id":"ui.dialogs","version":"2"},"event":{"count":1,"data":{"type":"show"},"id":"com.intellij.openapi.fileChooser.ex.FileChooserDialogImpl"}}
{"session":"5b68adb9b722","build":"182.4505.22","bucket":"-1","time":1540653474174,"group":{"id":"ui.dialogs","version":"2"},"event":{"count":1,"data":{"code":1,"type":"close"},"id":"com.intellij.openapi.fileChooser.ex.FileChooserDialogImpl"}}
{"session":"5b68adb9b722","build":"182.4505.22","bucket":"-1","time":1540653477158,"group":{"id":"actions","version":"2"},"event":{"count":1,"data":{},"id":"third.party.plugin.action"}}
{"session":"5b68adb9b722","build":"182.4505.22","bucket":"-1","time":1540653477182,"group":{"id":"ui.dialogs","version":"2"},"event":{"count":1,"data":{"type":"show"},"id":"com.intellij.openapi.ui.Messages$InputDialog"}}
{"session":"5b68adb9b722","build":"182.4505.22","bucket":"-1","time":1540653485824,"group":{"id":"actions","version":"2"},"event":{"count":2,"data":{},"id":"EditorBackSpace"}}
{"session":"5b68adb9b722","build":"182.4505.22","bucket":"-1","time":1540653490339,"group":{"id":"ui.dialogs","version":"2"},"event":{"count":1,"data":{"code":0,"type":"close"},"id":"com.intellij.openapi.ui.Messages$InputDialog"}}
{"session":"5b68adb9b722","build":"182.4505.22","bucket":"-1","time":1540653491114,"group":{"id":"ui.dialogs","version":"2"},"event":{"count":1,"data":{"type":"show"},"id":"com.intellij.openapi.ui.messages.MessageDialog"}}
{"session":"5b68adb9b722","build":"182.4505.22","bucket":"-1","time":1540653519925,"group":{"id":"actions","version":"2"},"event":{"count":1,"data":{},"id":"third.party.plugin.action"}}
{"session":"5b68adb9b722","build":"182.4505.22","bucket":"-1","time":1540653519934,"group":{"id":"ui.dialogs","version":"2"},"event":{"count":1,"data":{"type":"show"},"id":"com.intellij.openapi.ui.Messages$InputDialog"}}
{"session":"5b68adb9b722","build":"182.4505.22","bucket":"-1","time":1540653521781,"group":{"id":"ui.dialogs","version":"2"},"event":{"count":1,"data":{"code":1,"type":"close"},"id":"com.intellij.openapi.ui.Messages$InputDialog"}}
{"session":"5b68adb9b722","build":"182.4505.22","bucket":"-1","time":1540653521793,"group":{"id":"ui.dialogs","version":"2"},"event":{"count":1,"data":{"type":"show"},"id":"com.intellij.openapi.ui.messages.MessageDialog"}}
{"session":"5b68adb9b722","build":"182.4505.22","bucket":"-1","time":1540653560350,"group":{"id":"actions","version":"2"},"event":{"count":1,"data":{},"id":"third.party.plugin.action"}}
{"session":"5b68adb9b722","build":"182.4505.22","bucket":"-1","time":1540653560358,"group":{"id":"ui.dialogs","version":"2"},"event":{"count":1,"data":{"type":"show"},"id":"com.intellij.openapi.fileChooser.ex.FileChooserDialogImpl"}}
{"session":"5b68adb9b722","build":"182.4505.22","bucket":"-1","time":1540653574013,"group":{"id":"ui.dialogs","version":"2"},"event":{"count":1,"data":{"code":0,"type":"close"},"id":"com.intellij.openapi.fileChooser.ex.FileChooserDialogImpl"}}
{"session":"5b68adb9b722","build":"182.4505.22","bucket":"-1","time":1540653575139,"group":{"id":"lifecycle","version":"2"},"event":{"count":1,"data":{"durationSeconds":9},"id":"ide.freeze"}}
{"session":"5b68adb9b722","build":"182.4505.22","bucket":"-1","time":1540653581915,"group":{"id":"actions","version":"2"},"event":{"count":1,"data":{},"id":"third.party.plugin.action"}}
{"session":"5b68adb9b722","build":"182.4505.22","bucket":"-1","time":1540653582139,"group":{"id":"ui.dialogs","version":"2"},"event":{"count":1,"data":{"type":"show"},"id":"com.intellij.openapi.fileChooser.ex.FileChooserDialogImpl"}}
{"session":"5b68adb9b722","build":"182.4505.22","bucket":"-1","time":1540653586331,"group":{"id":"ui.dialogs","version":"2"},"event":{"count":1,"data":{"code":1,"type":"close"},"id":"com.intellij.openapi.fileChooser.ex.FileChooserDialogImpl"}}
{"session":"5b68adb9b722","build":"182.4505.22","bucket":"-1","time":1540653695567,"group":{"id":"actions","version":"2"},"event":{"count":1,"data":{},"id":"third.party.plugin.action"}}
{"session":"5b68adb9b722","build":"182.4505.22","bucket":"-1","time":1540653695575,"group":{"id":"ui.dialogs","version":"2"},"event":{"count":1,"data":{"type":"show"},"id":"com.intellij.openapi.ui.Messages$InputDialog"}}
{"session":"5b68adb9b722","build":"182.4505.22","bucket":"-1","time":1540653701887,"group":{"id":"ui.dialogs","version":"2"},"event":{"count":1,"data":{"code":0,"type":"close"},"id":"com.intellij.openapi.ui.Messages$InputDialog"}}
