{"session":"0ae11b750e95","build":"182.4505.22","bucket":"-1","time":1540654699046,"group":{"id":"ui.dialogs","version":"2"},"event":{"count":1,"data":{"type":"show"},"id":"com.intellij.openapi.progress.util.ProgressDialog$MyDialogWrapper"}}
{"session":"0ae11b750e95","build":"182.4505.22","bucket":"-1","time":1540654699659,"group":{"id":"lifecycle","version":"2"},"event":{"count":1,"data":{"durationSeconds":13},"id":"ide.freeze"}}
{"session":"0ae11b750e95","build":"182.4505.22","bucket":"-1","time":1540654710163,"group":{"id":"ui.dialogs","version":"2"},"event":{"count":1,"data":{"code":1,"type":"close"},"id":"com.intellij.openapi.progress.util.ProgressDialog$MyDialogWrapper"}}
{"session":"0ae11b750e95","build":"182.4505.22","bucket":"-1","time":1540654710358,"group":{"id":"lifecycle","version":"2"},"event":{"count":1,"data":{},"id":"project.opened"}}
{"session":"0ae11b750e95","build":"182.4505.22","bucket":"-1","time":1540654713937,"group":{"id":"ui.dialogs","version":"2"},"event":{"count":1,"data":{"type":"show"},"id":"com.intellij.openapi.progress.util.ProgressDialog$MyDialogWrapper"}}
{"session":"0ae11b750e95","build":"182.4505.22","bucket":"-1","time":1540654714560,"group":{"id":"toolwindow","version":"2"},"event":{"count":1,"data":{},"id":"Project_by_Activation"}}
{"session":"0ae11b750e95","build":"182.4505.22","bucket":"-1","time":1540654716050,"group":{"id":"lifecycle","version":"2"},"event":{"count":1,"data":{},"id":"ideaapp.started"}}
{"session":"0ae11b750e95","build":"182.4505.22","bucket":"-1","time":1540654716056,"group":{"id":"lifecycle","version":"2"},"event":{"count":1,"data":{},"id":"app.started"}}
{"session":"0ae11b750e95","build":"182.4505.22","bucket":"-1","time":1540654717586,"group":{"id":"ui.dialogs","version":"2"},"event":{"count":1,"data":{"type":"show"},"id":"com.intellij.ide.util.TipDialog"}}
{"session":"0ae11b750e95","build":"182.4505.22","bucket":"-1","time":1540654723677,"group":{"id":"lifecycle","version":"2"},"event":{"count":1,"data":{"durationSeconds":7},"id":"ide.freeze"}}
{"session":"0ae11b750e95","build":"182.4505.22","bucket":"-1","time":1540654724030,"group":{"id":"ui.dialogs","version":"2"},"event":{"count":1,"data":{"code":1,"type":"close"},"id":"com.intellij.openapi.progress.util.ProgressDialog$MyDialogWrapper"}}
{"session":"0ae11b750e95","build":"182.4505.22","bucket":"-1","time":1540654724231,"group":{"id":"lifecycle","version":"2"},"event":{"count":1,"data":{"time.ms":25916},"id":"project.opening.finished"}}
{"session":"0ae11b750e95","build":"182.4505.22","bucket":"-1","time":1540654724976,"group":{"id":"system.os.name","version":"2"},"event":{"data":{},"id":"Linux"}}
{"session":"0ae11b750e95","build":"182.4505.22","bucket":"-1","time":1540654725120,"group":{"id":"system.os.version","version":"2"},"event":{"data":{},"id":"elementary_0.4.1"}}
{"session":"0ae11b750e95","build":"182.4505.22","bucket":"-1","time":1540654725121,"group":{"id":"system.jvm.vendor","version":"2"},"event":{"data":{},"id":"JetBrains_s.r.o"}}
{"session":"0ae11b750e95","build":"182.4505.22","bucket":"-1","time":1540654725121,"group":{"id":"system.jvm.version","version":"2"},"event":{"data":{},"id":"1.8"}}
{"session":"0ae11b750e95","build":"182.4505.22","bucket":"-1","time":1540654726506,"group":{"id":"ui.dialogs","version":"2"},"event":{"count":1,"data":{"code":1,"type":"close"},"id":"com.intellij.ide.util.TipDialog"}}
{"session":"0ae11b750e95","build":"182.4505.22","bucket":"-1","time":1540654729967,"group":{"id":"actions","version":"2"},"event":{"count":1,"data":{},"id":"third.party.plugin.action"}}
{"session":"0ae11b750e95","build":"182.4505.22","bucket":"-1","time":1540654730018,"group":{"id":"ui.dialogs","version":"2"},"event":{"count":1,"data":{"type":"show"},"id":"com.intellij.openapi.fileChooser.ex.FileChooserDialogImpl"}}
{"session":"0ae11b750e95","build":"182.4505.22","bucket":"-1","time":1540654734937,"group":{"id":"ui.dialogs","version":"2"},"event":{"count":1,"data":{"code":0,"type":"close"},"id":"com.intellij.openapi.fileChooser.ex.FileChooserDialogImpl"}}
{"session":"0ae11b750e95","build":"182.4505.22","bucket":"-1","time":1540654735017,"group":{"id":"ui.dialogs","version":"2"},"event":{"count":1,"data":{"type":"show"},"id":"com.intellij.openapi.ui.messages.MessageDialog"}}
{"session":"0ae11b750e95","build":"182.4505.22","bucket":"-1","time":1540654789753,"group":{"id":"actions","version":"2"},"event":{"count":1,"data":{},"id":"third.party.plugin.action"}}
{"session":"0ae11b750e95","build":"182.4505.22","bucket":"-1","time":1540654789765,"group":{"id":"ui.dialogs","version":"2"},"event":{"count":1,"data":{"type":"show"},"id":"com.intellij.openapi.fileChooser.ex.FileChooserDialogImpl"}}
{"session":"0ae11b750e95","build":"182.4505.22","bucket":"-1","time":1540654794265,"group":{"id":"ui.dialogs","version":"2"},"event":{"count":1,"data":{"code":1,"type":"close"},"id":"com.intellij.openapi.fileChooser.ex.FileChooserDialogImpl"}}
{"session":"0ae11b750e95","build":"182.4505.22","bucket":"-1","time":1540654794287,"group":{"id":"ui.dialogs","version":"2"},"event":{"count":1,"data":{"type":"show"},"id":"com.intellij.openapi.ui.messages.MessageDialog"}}
{"session":"0ae11b750e95","build":"182.4505.22","bucket":"-1","time":1540654799124,"group":{"id":"actions","version":"2"},"event":{"count":1,"data":{},"id":"third.party.plugin.action"}}
{"session":"0ae11b750e95","build":"182.4505.22","bucket":"-1","time":1540654799137,"group":{"id":"ui.dialogs","version":"2"},"event":{"count":1,"data":{"type":"show"},"id":"com.intellij.openapi.fileChooser.ex.FileChooserDialogImpl"}}
{"session":"0ae11b750e95","build":"182.4505.22","bucket":"-1","time":1540654806999,"group":{"id":"ui.dialogs","version":"2"},"event":{"count":1,"data":{"code":1,"type":"close"},"id":"com.intellij.openapi.fileChooser.ex.FileChooserDialogImpl"}}
