{"session":"541fddbb4cce","build":"182.4505.22","bucket":"-1","time":1542037589571,"group":{"id":"lifecycle","version":"2"},"event":{"count":1,"data":{"durationSeconds":39},"id":"ide.freeze"}}
{"session":"541fddbb4cce","build":"182.4505.22","bucket":"-1","time":1542037589790,"group":{"id":"ui.dialogs","version":"2"},"event":{"count":1,"data":{"type":"show"},"id":"com.intellij.openapi.progress.util.ProgressDialog$MyDialogWrapper"}}
{"session":"541fddbb4cce","build":"182.4505.22","bucket":"-1","time":1542037640176,"group":{"id":"ui.dialogs","version":"2"},"event":{"count":1,"data":{"code":1,"type":"close"},"id":"com.intellij.openapi.progress.util.ProgressDialog$MyDialogWrapper"}}
{"session":"541fddbb4cce","build":"182.4505.22","bucket":"-1","time":1542037640968,"group":{"id":"lifecycle","version":"2"},"event":{"count":1,"data":{},"id":"project.opened"}}
{"session":"541fddbb4cce","build":"182.4505.22","bucket":"-1","time":1542037653334,"group":{"id":"ui.dialogs","version":"2"},"event":{"count":1,"data":{"type":"show"},"id":"com.intellij.openapi.progress.util.ProgressDialog$MyDialogWrapper"}}
{"session":"541fddbb4cce","build":"182.4505.22","bucket":"-1","time":1542037653825,"group":{"id":"lifecycle","version":"2"},"event":{"count":1,"data":{"durationSeconds":13},"id":"ide.freeze"}}
{"session":"541fddbb4cce","build":"182.4505.22","bucket":"-1","time":1542037657381,"group":{"id":"toolwindow","version":"2"},"event":{"count":1,"data":{},"id":"Project_by_Activation"}}
{"session":"541fddbb4cce","build":"182.4505.22","bucket":"-1","time":1542037665065,"group":{"id":"lifecycle","version":"2"},"event":{"count":1,"data":{},"id":"ideaapp.started"}}
{"session":"541fddbb4cce","build":"182.4505.22","bucket":"-1","time":1542037665068,"group":{"id":"lifecycle","version":"2"},"event":{"count":1,"data":{},"id":"app.started"}}
{"session":"541fddbb4cce","build":"182.4505.22","bucket":"-1","time":1542037668326,"group":{"id":"ui.dialogs","version":"2"},"event":{"count":1,"data":{"type":"show"},"id":"com.intellij.ide.util.TipDialog"}}
{"session":"541fddbb4cce","build":"182.4505.22","bucket":"-1","time":1542037684014,"group":{"id":"lifecycle","version":"2"},"event":{"count":1,"data":{"durationSeconds":27},"id":"ide.freeze"}}
{"session":"541fddbb4cce","build":"182.4505.22","bucket":"-1","time":1542037689974,"group":{"id":"ui.dialogs","version":"2"},"event":{"count":1,"data":{"code":1,"type":"close"},"id":"com.intellij.openapi.progress.util.ProgressDialog$MyDialogWrapper"}}
{"session":"541fddbb4cce","build":"182.4505.22","bucket":"-1","time":1542037690256,"group":{"id":"lifecycle","version":"2"},"event":{"count":1,"data":{"time.ms":106619},"id":"project.opening.finished"}}
{"session":"541fddbb4cce","build":"182.4505.22","bucket":"-1","time":1542037691477,"group":{"id":"system.os.name","version":"2"},"event":{"data":{},"id":"Linux"}}
{"session":"541fddbb4cce","build":"182.4505.22","bucket":"-1","time":1542037691481,"group":{"id":"system.os.version","version":"2"},"event":{"data":{},"id":"elementary_0.4.1"}}
{"session":"541fddbb4cce","build":"182.4505.22","bucket":"-1","time":1542037691481,"group":{"id":"system.jvm.vendor","version":"2"},"event":{"data":{},"id":"JetBrains_s.r.o"}}
{"session":"541fddbb4cce","build":"182.4505.22","bucket":"-1","time":1542037691482,"group":{"id":"system.jvm.version","version":"2"},"event":{"data":{},"id":"1.8"}}
{"session":"541fddbb4cce","build":"182.4505.22","bucket":"-1","time":1542037699162,"group":{"id":"lifecycle","version":"2"},"event":{"count":1,"data":{"durationSeconds":9},"id":"ide.freeze"}}
{"session":"541fddbb4cce","build":"182.4505.22","bucket":"-1","time":1542037702466,"group":{"id":"ui.dialogs","version":"2"},"event":{"count":1,"data":{"code":1,"type":"close"},"id":"com.intellij.ide.util.TipDialog"}}
{"session":"541fddbb4cce","build":"182.4505.22","bucket":"-1","time":1542037714326,"group":{"id":"actions","version":"2"},"event":{"count":1,"data":{},"id":"third.party.plugin.action"}}
{"session":"541fddbb4cce","build":"182.4505.22","bucket":"-1","time":1542037714400,"group":{"id":"ui.dialogs","version":"2"},"event":{"count":1,"data":{"type":"show"},"id":"com.intellij.openapi.ui.Messages$InputDialog"}}
{"session":"541fddbb4cce","build":"182.4505.22","bucket":"-1","time":1542037721578,"group":{"id":"ui.dialogs","version":"2"},"event":{"count":1,"data":{"code":0,"type":"close"},"id":"com.intellij.openapi.ui.Messages$InputDialog"}}
{"session":"541fddbb4cce","build":"182.4505.22","bucket":"-1","time":1542037721744,"group":{"id":"ui.dialogs","version":"2"},"event":{"count":1,"data":{"type":"show"},"id":"com.intellij.openapi.ui.messages.MessageDialog"}}
{"session":"541fddbb4cce","build":"182.4505.22","bucket":"-1","time":1542037744885,"group":{"id":"actions","version":"2"},"event":{"count":1,"data":{},"id":"third.party.plugin.action"}}
{"session":"541fddbb4cce","build":"182.4505.22","bucket":"-1","time":1542037745003,"group":{"id":"ui.dialogs","version":"2"},"event":{"count":1,"data":{"type":"show"},"id":"com.intellij.openapi.fileChooser.ex.FileChooserDialogImpl"}}
{"session":"541fddbb4cce","build":"182.4505.22","bucket":"-1","time":1542037753965,"group":{"id":"ui.dialogs","version":"2"},"event":{"count":1,"data":{"code":0,"type":"close"},"id":"com.intellij.openapi.fileChooser.ex.FileChooserDialogImpl"}}
{"session":"541fddbb4cce","build":"182.4505.22","bucket":"-1","time":1542037754374,"group":{"id":"lifecycle","version":"2"},"event":{"count":1,"data":{"mappingFailed":false,"oom":false},"id":"ide.error"}}
{"session":"541fddbb4cce","build":"182.4505.22","bucket":"-1","time":1542037781868,"group":{"id":"ui.dialogs","version":"2"},"event":{"count":1,"data":{"type":"show"},"id":"com.intellij.openapi.ui.messages.MessageDialog"}}
{"session":"541fddbb4cce","build":"182.4505.22","bucket":"-1","time":1542037783982,"group":{"id":"lifecycle","version":"2"},"event":{"count":1,"data":{"restart":false},"id":"app.closed"}}
{"session":"541fddbb4cce","build":"182.4505.22","bucket":"-1","time":1542037786023,"group":{"id":"lifecycle","version":"2"},"event":{"count":1,"data":{},"id":"project.closed"}}
{"session":"541fddbb4cce","build":"182.4505.22","bucket":"-1","time":1542037787321,"group":{"id":"lifecycle","version":"2"},"event":{"count":1,"data":{},"id":"ideaapp.closed"}}
