{"session":"69a3191a61cd","build":"182.4505.22","bucket":"-1","time":1540656959675,"group":{"id":"ui.dialogs","version":"2"},"event":{"count":1,"data":{"type":"show"},"id":"com.intellij.openapi.progress.util.ProgressDialog$MyDialogWrapper"}}
{"session":"69a3191a61cd","build":"182.4505.22","bucket":"-1","time":1540656959907,"group":{"id":"lifecycle","version":"2"},"event":{"count":1,"data":{"durationSeconds":9},"id":"ide.freeze"}}
{"session":"69a3191a61cd","build":"182.4505.22","bucket":"-1","time":1540656970262,"group":{"id":"ui.dialogs","version":"2"},"event":{"count":1,"data":{"code":1,"type":"close"},"id":"com.intellij.openapi.progress.util.ProgressDialog$MyDialogWrapper"}}
{"session":"69a3191a61cd","build":"182.4505.22","bucket":"-1","time":1540656970393,"group":{"id":"lifecycle","version":"2"},"event":{"count":1,"data":{},"id":"project.opened"}}
{"session":"69a3191a61cd","build":"182.4505.22","bucket":"-1","time":1540656972698,"group":{"id":"ui.dialogs","version":"2"},"event":{"count":1,"data":{"type":"show"},"id":"com.intellij.openapi.progress.util.ProgressDialog$MyDialogWrapper"}}
{"session":"69a3191a61cd","build":"182.4505.22","bucket":"-1","time":1540656973092,"group":{"id":"toolwindow","version":"2"},"event":{"count":1,"data":{},"id":"Project_by_Activation"}}
{"session":"69a3191a61cd","build":"182.4505.22","bucket":"-1","time":1540656974664,"group":{"id":"lifecycle","version":"2"},"event":{"count":1,"data":{},"id":"ideaapp.started"}}
{"session":"69a3191a61cd","build":"182.4505.22","bucket":"-1","time":1540656974681,"group":{"id":"lifecycle","version":"2"},"event":{"count":1,"data":{},"id":"app.started"}}
{"session":"69a3191a61cd","build":"182.4505.22","bucket":"-1","time":1540656975779,"group":{"id":"ui.dialogs","version":"2"},"event":{"count":1,"data":{"type":"show"},"id":"com.intellij.ide.util.TipDialog"}}
{"session":"69a3191a61cd","build":"182.4505.22","bucket":"-1","time":1540656982089,"group":{"id":"lifecycle","version":"2"},"event":{"count":1,"data":{"durationSeconds":6},"id":"ide.freeze"}}
{"session":"69a3191a61cd","build":"182.4505.22","bucket":"-1","time":1540656983779,"group":{"id":"ui.dialogs","version":"2"},"event":{"count":1,"data":{"code":1,"type":"close"},"id":"com.intellij.openapi.progress.util.ProgressDialog$MyDialogWrapper"}}
{"session":"69a3191a61cd","build":"182.4505.22","bucket":"-1","time":1540656983868,"group":{"id":"lifecycle","version":"2"},"event":{"count":1,"data":{"time.ms":24790},"id":"project.opening.finished"}}
{"session":"69a3191a61cd","build":"182.4505.22","bucket":"-1","time":1540656984351,"group":{"id":"system.os.name","version":"2"},"event":{"data":{},"id":"Linux"}}
{"session":"69a3191a61cd","build":"182.4505.22","bucket":"-1","time":1540656984442,"group":{"id":"system.os.version","version":"2"},"event":{"data":{},"id":"elementary_0.4.1"}}
{"session":"69a3191a61cd","build":"182.4505.22","bucket":"-1","time":1540656984443,"group":{"id":"system.jvm.vendor","version":"2"},"event":{"data":{},"id":"JetBrains_s.r.o"}}
{"session":"69a3191a61cd","build":"182.4505.22","bucket":"-1","time":1540656984443,"group":{"id":"system.jvm.version","version":"2"},"event":{"data":{},"id":"1.8"}}
{"session":"69a3191a61cd","build":"182.4505.22","bucket":"-1","time":1540656985548,"group":{"id":"ui.dialogs","version":"2"},"event":{"count":1,"data":{"code":1,"type":"close"},"id":"com.intellij.ide.util.TipDialog"}}
{"session":"69a3191a61cd","build":"182.4505.22","bucket":"-1","time":1540656994031,"group":{"id":"actions","version":"2"},"event":{"count":1,"data":{},"id":"third.party.plugin.action"}}
{"session":"69a3191a61cd","build":"182.4505.22","bucket":"-1","time":1540656994143,"group":{"id":"ui.dialogs","version":"2"},"event":{"count":1,"data":{"type":"show"},"id":"com.intellij.openapi.fileChooser.ex.FileChooserDialogImpl"}}
{"session":"69a3191a61cd","build":"182.4505.22","bucket":"-1","time":1540657001235,"group":{"id":"ui.dialogs","version":"2"},"event":{"count":1,"data":{"code":0,"type":"close"},"id":"com.intellij.openapi.fileChooser.ex.FileChooserDialogImpl"}}
{"session":"69a3191a61cd","build":"182.4505.22","bucket":"-1","time":1540657001312,"group":{"id":"ui.dialogs","version":"2"},"event":{"count":1,"data":{"type":"show"},"id":"com.intellij.openapi.fileChooser.ex.FileChooserDialogImpl"}}
{"session":"69a3191a61cd","build":"182.4505.22","bucket":"-1","time":1540657006135,"group":{"id":"ui.dialogs","version":"2"},"event":{"count":1,"data":{"code":0,"type":"close"},"id":"com.intellij.openapi.fileChooser.ex.FileChooserDialogImpl"}}
{"session":"69a3191a61cd","build":"182.4505.22","bucket":"-1","time":1540657006246,"group":{"id":"ui.dialogs","version":"2"},"event":{"count":1,"data":{"type":"show"},"id":"com.intellij.openapi.ui.messages.MessageDialog"}}
{"session":"69a3191a61cd","build":"182.4505.22","bucket":"-1","time":1540657013430,"group":{"id":"ui.dialogs","version":"2"},"event":{"count":1,"data":{"type":"show"},"id":"com.intellij.openapi.options.newEditor.SettingsDialog"}}
{"session":"69a3191a61cd","build":"182.4505.22","bucket":"-1","time":1540657015352,"group":{"id":"ui.dialogs","version":"2"},"event":{"count":1,"data":{"code":1,"type":"close"},"id":"com.intellij.openapi.options.newEditor.SettingsDialog"}}
{"session":"69a3191a61cd","build":"182.4505.22","bucket":"-1","time":1540657017495,"group":{"id":"ui.dialogs","version":"2"},"event":{"count":1,"data":{"type":"show"},"id":"com.intellij.openapi.options.newEditor.SettingsDialog"}}
{"session":"69a3191a61cd","build":"182.4505.22","bucket":"-1","time":1540657019970,"group":{"id":"ui.dialogs","version":"2"},"event":{"count":1,"data":{"code":1,"type":"close"},"id":"com.intellij.openapi.options.newEditor.SettingsDialog"}}
{"session":"69a3191a61cd","build":"182.4505.22","bucket":"-1","time":1540657058056,"group":{"id":"ui.dialogs","version":"2"},"event":{"count":1,"data":{"type":"show"},"id":"com.intellij.openapi.ui.messages.MessageDialog"}}
{"session":"69a3191a61cd","build":"182.4505.22","bucket":"-1","time":1540657060155,"group":{"id":"lifecycle","version":"2"},"event":{"count":1,"data":{"restart":false},"id":"app.closed"}}
{"session":"69a3191a61cd","build":"182.4505.22","bucket":"-1","time":1540657061033,"group":{"id":"lifecycle","version":"2"},"event":{"count":1,"data":{},"id":"project.closed"}}
{"session":"69a3191a61cd","build":"182.4505.22","bucket":"-1","time":1540657062065,"group":{"id":"lifecycle","version":"2"},"event":{"count":1,"data":{},"id":"ideaapp.closed"}}
