{"session":"a9b6f117d543","build":"182.4505.22","bucket":"-1","time":1540656808474,"group":{"id":"ui.dialogs","version":"2"},"event":{"count":1,"data":{"type":"show"},"id":"com.intellij.openapi.progress.util.ProgressDialog$MyDialogWrapper"}}
{"session":"a9b6f117d543","build":"182.4505.22","bucket":"-1","time":1540656808876,"group":{"id":"lifecycle","version":"2"},"event":{"count":1,"data":{"durationSeconds":15},"id":"ide.freeze"}}
{"session":"a9b6f117d543","build":"182.4505.22","bucket":"-1","time":1540656820854,"group":{"id":"ui.dialogs","version":"2"},"event":{"count":1,"data":{"code":1,"type":"close"},"id":"com.intellij.openapi.progress.util.ProgressDialog$MyDialogWrapper"}}
{"session":"a9b6f117d543","build":"182.4505.22","bucket":"-1","time":1540656821025,"group":{"id":"lifecycle","version":"2"},"event":{"count":1,"data":{},"id":"project.opened"}}
{"session":"a9b6f117d543","build":"182.4505.22","bucket":"-1","time":1540656823200,"group":{"id":"ui.dialogs","version":"2"},"event":{"count":1,"data":{"type":"show"},"id":"com.intellij.openapi.progress.util.ProgressDialog$MyDialogWrapper"}}
{"session":"a9b6f117d543","build":"182.4505.22","bucket":"-1","time":1540656823874,"group":{"id":"toolwindow","version":"2"},"event":{"count":1,"data":{},"id":"Project_by_Activation"}}
{"session":"a9b6f117d543","build":"182.4505.22","bucket":"-1","time":1540656825636,"group":{"id":"lifecycle","version":"2"},"event":{"count":1,"data":{},"id":"ideaapp.started"}}
{"session":"a9b6f117d543","build":"182.4505.22","bucket":"-1","time":1540656825648,"group":{"id":"lifecycle","version":"2"},"event":{"count":1,"data":{},"id":"app.started"}}
{"session":"a9b6f117d543","build":"182.4505.22","bucket":"-1","time":1540656826902,"group":{"id":"ui.dialogs","version":"2"},"event":{"count":1,"data":{"type":"show"},"id":"com.intellij.ide.util.TipDialog"}}
{"session":"a9b6f117d543","build":"182.4505.22","bucket":"-1","time":1540656832895,"group":{"id":"lifecycle","version":"2"},"event":{"count":1,"data":{"durationSeconds":6},"id":"ide.freeze"}}
{"session":"a9b6f117d543","build":"182.4505.22","bucket":"-1","time":1540656835159,"group":{"id":"ui.dialogs","version":"2"},"event":{"count":1,"data":{"code":1,"type":"close"},"id":"com.intellij.openapi.progress.util.ProgressDialog$MyDialogWrapper"}}
{"session":"a9b6f117d543","build":"182.4505.22","bucket":"-1","time":1540656835310,"group":{"id":"lifecycle","version":"2"},"event":{"count":1,"data":{"time.ms":28292},"id":"project.opening.finished"}}
{"session":"a9b6f117d543","build":"182.4505.22","bucket":"-1","time":1540656835495,"group":{"id":"ui.dialogs","version":"2"},"event":{"count":1,"data":{"code":1,"type":"close"},"id":"com.intellij.ide.util.TipDialog"}}
{"session":"a9b6f117d543","build":"182.4505.22","bucket":"-1","time":1540656835772,"group":{"id":"system.os.name","version":"2"},"event":{"data":{},"id":"Linux"}}
{"session":"a9b6f117d543","build":"182.4505.22","bucket":"-1","time":1540656835816,"group":{"id":"system.os.version","version":"2"},"event":{"data":{},"id":"elementary_0.4.1"}}
{"session":"a9b6f117d543","build":"182.4505.22","bucket":"-1","time":1540656835817,"group":{"id":"system.jvm.vendor","version":"2"},"event":{"data":{},"id":"JetBrains_s.r.o"}}
{"session":"a9b6f117d543","build":"182.4505.22","bucket":"-1","time":1540656835817,"group":{"id":"system.jvm.version","version":"2"},"event":{"data":{},"id":"1.8"}}
{"session":"a9b6f117d543","build":"182.4505.22","bucket":"-1","time":1540656843339,"group":{"id":"actions","version":"2"},"event":{"count":1,"data":{},"id":"third.party.plugin.action"}}
{"session":"a9b6f117d543","build":"182.4505.22","bucket":"-1","time":1540656843405,"group":{"id":"ui.dialogs","version":"2"},"event":{"count":1,"data":{"type":"show"},"id":"com.intellij.openapi.fileChooser.ex.FileChooserDialogImpl"}}
{"session":"a9b6f117d543","build":"182.4505.22","bucket":"-1","time":1540656848533,"group":{"id":"ui.dialogs","version":"2"},"event":{"count":1,"data":{"code":0,"type":"close"},"id":"com.intellij.openapi.fileChooser.ex.FileChooserDialogImpl"}}
{"session":"a9b6f117d543","build":"182.4505.22","bucket":"-1","time":1540656848572,"group":{"id":"ui.dialogs","version":"2"},"event":{"count":1,"data":{"type":"show"},"id":"com.intellij.openapi.fileChooser.ex.FileChooserDialogImpl"}}
{"session":"a9b6f117d543","build":"182.4505.22","bucket":"-1","time":1540656865857,"group":{"id":"ui.dialogs","version":"2"},"event":{"count":1,"data":{"code":0,"type":"close"},"id":"com.intellij.openapi.fileChooser.ex.FileChooserDialogImpl"}}
