{"session":"f3bb8aa212e6","build":"182.4505.22","bucket":"-1","time":1540660506475,"group":{"id":"ui.dialogs","version":"2"},"event":{"count":1,"data":{"type":"show"},"id":"com.intellij.openapi.progress.util.ProgressDialog$MyDialogWrapper"}}
{"session":"f3bb8aa212e6","build":"182.4505.22","bucket":"-1","time":1540660507260,"group":{"id":"lifecycle","version":"2"},"event":{"count":1,"data":{"durationSeconds":17},"id":"ide.freeze"}}
{"session":"f3bb8aa212e6","build":"182.4505.22","bucket":"-1","time":1540660519177,"group":{"id":"ui.dialogs","version":"2"},"event":{"count":1,"data":{"code":1,"type":"close"},"id":"com.intellij.openapi.progress.util.ProgressDialog$MyDialogWrapper"}}
{"session":"f3bb8aa212e6","build":"182.4505.22","bucket":"-1","time":1540660519293,"group":{"id":"lifecycle","version":"2"},"event":{"count":1,"data":{},"id":"project.opened"}}
{"session":"f3bb8aa212e6","build":"182.4505.22","bucket":"-1","time":1540660521996,"group":{"id":"ui.dialogs","version":"2"},"event":{"count":1,"data":{"type":"show"},"id":"com.intellij.openapi.progress.util.ProgressDialog$MyDialogWrapper"}}
{"session":"f3bb8aa212e6","build":"182.4505.22","bucket":"-1","time":1540660522712,"group":{"id":"toolwindow","version":"2"},"event":{"count":1,"data":{},"id":"Project_by_Activation"}}
{"session":"f3bb8aa212e6","build":"182.4505.22","bucket":"-1","time":1540660524888,"group":{"id":"lifecycle","version":"2"},"event":{"count":1,"data":{},"id":"ideaapp.started"}}
{"session":"f3bb8aa212e6","build":"182.4505.22","bucket":"-1","time":1540660524895,"group":{"id":"lifecycle","version":"2"},"event":{"count":1,"data":{},"id":"app.started"}}
{"session":"f3bb8aa212e6","build":"182.4505.22","bucket":"-1","time":1540660526129,"group":{"id":"ui.dialogs","version":"2"},"event":{"count":1,"data":{"type":"show"},"id":"com.intellij.ide.util.TipDialog"}}
{"session":"f3bb8aa212e6","build":"182.4505.22","bucket":"-1","time":1540660537430,"group":{"id":"lifecycle","version":"2"},"event":{"count":1,"data":{"durationSeconds":12},"id":"ide.freeze"}}
{"session":"f3bb8aa212e6","build":"182.4505.22","bucket":"-1","time":1540660538466,"group":{"id":"ui.dialogs","version":"2"},"event":{"count":1,"data":{"code":1,"type":"close"},"id":"com.intellij.openapi.progress.util.ProgressDialog$MyDialogWrapper"}}
{"session":"f3bb8aa212e6","build":"182.4505.22","bucket":"-1","time":1540660538581,"group":{"id":"lifecycle","version":"2"},"event":{"count":1,"data":{"time.ms":33482},"id":"project.opening.finished"}}
{"session":"f3bb8aa212e6","build":"182.4505.22","bucket":"-1","time":1540660538838,"group":{"id":"system.os.name","version":"2"},"event":{"data":{},"id":"Linux"}}
{"session":"f3bb8aa212e6","build":"182.4505.22","bucket":"-1","time":1540660538897,"group":{"id":"system.os.version","version":"2"},"event":{"data":{},"id":"elementary_0.4.1"}}
{"session":"f3bb8aa212e6","build":"182.4505.22","bucket":"-1","time":1540660538897,"group":{"id":"system.jvm.vendor","version":"2"},"event":{"data":{},"id":"JetBrains_s.r.o"}}
{"session":"f3bb8aa212e6","build":"182.4505.22","bucket":"-1","time":1540660538898,"group":{"id":"system.jvm.version","version":"2"},"event":{"data":{},"id":"1.8"}}
{"session":"f3bb8aa212e6","build":"182.4505.22","bucket":"-1","time":1540660545352,"group":{"id":"ui.dialogs","version":"2"},"event":{"count":1,"data":{"code":1,"type":"close"},"id":"com.intellij.ide.util.TipDialog"}}
{"session":"f3bb8aa212e6","build":"182.4505.22","bucket":"-1","time":1540660564496,"group":{"id":"actions","version":"2"},"event":{"count":1,"data":{},"id":"third.party.plugin.action"}}
{"session":"f3bb8aa212e6","build":"182.4505.22","bucket":"-1","time":1540660564569,"group":{"id":"ui.dialogs","version":"2"},"event":{"count":1,"data":{"type":"show"},"id":"com.intellij.openapi.ui.Messages$InputDialog"}}
{"session":"f3bb8aa212e6","build":"182.4505.22","bucket":"-1","time":1540660582728,"group":{"id":"ui.dialogs","version":"2"},"event":{"count":1,"data":{"code":0,"type":"close"},"id":"com.intellij.openapi.ui.Messages$InputDialog"}}
{"session":"f3bb8aa212e6","build":"182.4505.22","bucket":"-1","time":1540660582800,"group":{"id":"ui.dialogs","version":"2"},"event":{"count":1,"data":{"type":"show"},"id":"com.intellij.openapi.ui.messages.MessageDialog"}}
{"session":"f3bb8aa212e6","build":"182.4505.22","bucket":"-1","time":1540660590867,"group":{"id":"actions","version":"2"},"event":{"count":1,"data":{},"id":"third.party.plugin.action"}}
{"session":"f3bb8aa212e6","build":"182.4505.22","bucket":"-1","time":1540660591587,"group":{"id":"ui.dialogs","version":"2"},"event":{"count":1,"data":{"type":"show"},"id":"com.intellij.openapi.fileChooser.ex.FileChooserDialogImpl"}}
{"session":"f3bb8aa212e6","build":"182.4505.22","bucket":"-1","time":1540660595741,"group":{"id":"ui.dialogs","version":"2"},"event":{"count":1,"data":{"code":1,"type":"close"},"id":"com.intellij.openapi.fileChooser.ex.FileChooserDialogImpl"}}
