{"session":"a993f9ee97ad","build":"182.4505.22","bucket":"-1","time":1540652731454,"group":{"id":"lifecycle","version":"2"},"event":{"count":1,"data":{},"id":"ideaapp.started"}}
{"session":"a993f9ee97ad","build":"182.4505.22","bucket":"-1","time":1540652731669,"group":{"id":"lifecycle","version":"2"},"event":{"count":1,"data":{},"id":"app.started"}}
{"session":"a993f9ee97ad","build":"182.4505.22","bucket":"-1","time":1540652734674,"group":{"id":"lifecycle","version":"2"},"event":{"count":1,"data":{"durationSeconds":23},"id":"ide.freeze"}}
{"session":"a993f9ee97ad","build":"182.4505.22","bucket":"-1","time":1540652756227,"group":{"id":"trigger","version":"2"},"event":{"count":2,"data":{},"id":"welcome.screen.WelcomeScreen.CreateNewProject"}}
{"session":"a993f9ee97ad","build":"182.4505.22","bucket":"-1","time":1540652757838,"group":{"id":"ui.dialogs","version":"2"},"event":{"count":1,"data":{"type":"show"},"id":"com.intellij.ide.projectWizard.NewProjectWizard"}}
{"session":"a993f9ee97ad","build":"182.4505.22","bucket":"-1","time":1540652762840,"group":{"id":"lifecycle","version":"2"},"event":{"count":1,"data":{"durationSeconds":23},"id":"ide.freeze"}}
{"session":"a993f9ee97ad","build":"182.4505.22","bucket":"-1","time":1540652763447,"group":{"id":"ui.dialogs","version":"2"},"event":{"count":1,"data":{"type":"show"},"id":"com.intellij.openapi.progress.util.ProgressDialog$MyDialogWrapper"}}
{"session":"a993f9ee97ad","build":"182.4505.22","bucket":"-1","time":1540652768085,"group":{"id":"ui.dialogs","version":"2"},"event":{"count":1,"data":{"code":1,"type":"close"},"id":"com.intellij.openapi.progress.util.ProgressDialog$MyDialogWrapper"}}
{"session":"a993f9ee97ad","build":"182.4505.22","bucket":"-1","time":1540652778842,"group":{"id":"ui.dialogs","version":"2"},"event":{"count":2,"data":{"type":"show"},"id":"com.intellij.openapi.ui.messages.MessageDialog"}}
{"session":"a993f9ee97ad","build":"182.4505.22","bucket":"-1","time":1540652780603,"group":{"id":"ui.dialogs","version":"2"},"event":{"count":1,"data":{"code":0,"type":"close"},"id":"com.intellij.ide.projectWizard.NewProjectWizard"}}
{"session":"a993f9ee97ad","build":"182.4505.22","bucket":"-1","time":1540652789617,"group":{"id":"lifecycle","version":"2"},"event":{"count":1,"data":{},"id":"project.opened"}}
{"session":"a993f9ee97ad","build":"182.4505.22","bucket":"-1","time":1540652789851,"group":{"id":"lifecycle","version":"2"},"event":{"count":1,"data":{"durationSeconds":10},"id":"ide.freeze"}}
{"session":"a993f9ee97ad","build":"182.4505.22","bucket":"-1","time":1540652795640,"group":{"id":"ui.dialogs","version":"2"},"event":{"count":1,"data":{"type":"show"},"id":"com.intellij.openapi.progress.util.ProgressDialog$MyDialogWrapper"}}
{"session":"a993f9ee97ad","build":"182.4505.22","bucket":"-1","time":1540652795856,"group":{"id":"lifecycle","version":"2"},"event":{"count":1,"data":{"durationSeconds":6},"id":"ide.freeze"}}
{"session":"a993f9ee97ad","build":"182.4505.22","bucket":"-1","time":1540652797226,"group":{"id":"ui.dialogs","version":"2"},"event":{"count":1,"data":{"type":"show"},"id":"com.intellij.ide.util.TipDialog"}}
{"session":"a993f9ee97ad","build":"182.4505.22","bucket":"-1","time":1540652810796,"group":{"id":"ui.dialogs","version":"2"},"event":{"count":1,"data":{"code":1,"type":"close"},"id":"com.intellij.openapi.progress.util.ProgressDialog$MyDialogWrapper"}}
{"session":"a993f9ee97ad","build":"182.4505.22","bucket":"-1","time":1540652810851,"group":{"id":"ui.dialogs","version":"2"},"event":{"count":1,"data":{"type":"show"},"id":"com.intellij.ide.projectWizard.NewProjectWizard"}}
{"session":"a993f9ee97ad","build":"182.4505.22","bucket":"-1","time":1540652810867,"group":{"id":"lifecycle","version":"2"},"event":{"count":1,"data":{"durationSeconds":13},"id":"ide.freeze"}}
{"session":"a993f9ee97ad","build":"182.4505.22","bucket":"-1","time":1540652812965,"group":{"id":"lifecycle","version":"2"},"event":{"count":1,"data":{"mappingFailed":false,"oom":false},"id":"ide.error"}}
{"session":"a993f9ee97ad","build":"182.4505.22","bucket":"-1","time":1540652816310,"group":{"id":"ui.dialogs","version":"2"},"event":{"count":1,"data":{"code":1,"type":"close"},"id":"com.intellij.ide.util.TipDialog"}}
